#
# A fatal error has been detected by the Java Runtime Environment:
#
#  Internal Error (vmThread.cpp:658), pid=20489, tid=0x00007f630befe6c0
#  fatal error: Nested VM operation CollectForMetadataAllocation requested by operation ChangeBreakpoints
#
# JRE version: Java(TM) SE Runtime Environment (8.0_202-b08) (build 1.8.0_202-b08)
# Java VM: Java HotSpot(TM) 64-Bit Server VM (25.202-b08 mixed mode linux-amd64 compressed oops)
# Core dump written. Default location: /home/superBits/projetos/coletivoJava/source/erpColetivoJava/SbErpTipoCanalMatrix/core or core.20489
#
# If you would like to submit a bug report, please visit:
#   http://bugreport.java.com/bugreport/crash.jsp
#

---------------  T H R E A D  ---------------

Current thread (0x00007f63241cd800):  VMThread [stack: 0x00007f630bdff000,0x00007f630beff000] [id=20503]

Stack: [0x00007f630bdff000,0x00007f630beff000],  sp=0x00007f630befd4f0,  free space=1017k
Native frames: (J=compiled Java code, j=interpreted, Vv=VM code, C=native code)
V  [libjvm.so+0xad33a5]  VMError::report_and_die()+0x2e5
V  [libjvm.so+0x4e0444]  report_fatal(char const*, int, char const*)+0x54
V  [libjvm.so+0xad7fe7]  VMThread::execute(VM_Operation*)+0x397
V  [libjvm.so+0x4608ce]  CollectorPolicy::satisfy_failed_metadata_allocation(ClassLoaderData*, unsigned long, Metaspace::MetadataType)+0xbe
V  [libjvm.so+0x88c016]  Metaspace::allocate(ClassLoaderData*, unsigned long, bool, MetaspaceObj::Type, Thread*)+0x296
V  [libjvm.so+0x8a3e86]  MethodCounters::allocate(ClassLoaderData*, Thread*)+0x26
V  [libjvm.so+0x8952e1]  Method::build_method_counters(Method*, Thread*)+0x41
V  [libjvm.so+0x89c503]  Method::set_breakpoint(int)+0x393
V  [libjvm.so+0x7819fc]  JvmtiBreakpoint::each_method_version_do(void (Method::*)(int))+0x3c
V  [libjvm.so+0xada116]  VM_Operation::evaluate()+0x46
V  [libjvm.so+0xad844d]  VMThread::evaluate_operation(VM_Operation*) [clone .constprop.44]+0xcd
V  [libjvm.so+0xad8a33]  VMThread::loop()+0x3a3
V  [libjvm.so+0xad8e08]  VMThread::run()+0x78
V  [libjvm.so+0x90d8c2]  java_start(Thread*)+0x102

VM_Operation (0x00007f630b7fe8e0): ChangeBreakpoints, mode: safepoint, requested by thread 0x00007f6324217800


---------------  P R O C E S S  ---------------

Java Threads: ( => current thread )
  0x00007f6324798800 JavaThread "surefire-forkedjvm-command-thread" daemon [_thread_in_native, id=20521, stack(0x00007f630aa00000,0x00007f630ab00000)]
  0x00007f6324735000 JavaThread "surefire-forkedjvm-stream-flusher" daemon [_thread_blocked, id=20519, stack(0x00007f630ab00000,0x00007f630ac00000)]
  0x00007f632423b000 JavaThread "Service Thread" daemon [_thread_blocked, id=20517, stack(0x00007f630affc000,0x00007f630b0fc000)]
  0x00007f6324225000 JavaThread "C1 CompilerThread3" daemon [_thread_blocked, id=20516, stack(0x00007f630b0fd000,0x00007f630b1fd000)]
  0x00007f6324223000 JavaThread "C2 CompilerThread2" daemon [_thread_in_native, id=20515, stack(0x00007f630b1fe000,0x00007f630b2fe000)]
  0x00007f6324221000 JavaThread "C2 CompilerThread1" daemon [_thread_blocked, id=20514, stack(0x00007f630b2ff000,0x00007f630b3ff000)]
  0x00007f632421e800 JavaThread "C2 CompilerThread0" daemon [_thread_blocked, id=20513, stack(0x00007f630b400000,0x00007f630b500000)]
  0x00007f62c4001800 JavaThread "JDWP Command Reader" daemon [_thread_in_native, id=20511, stack(0x00007f630b500000,0x00007f630b600000)]
  0x00007f632421c000 JavaThread "JDWP Event Helper Thread" daemon [_thread_blocked, id=20509, stack(0x00007f630b600000,0x00007f630b700000)]
  0x00007f6324217800 JavaThread "JDWP Transport Listener: dt_socket" daemon [_thread_blocked, id=20507, stack(0x00007f630b700000,0x00007f630b800000)]
  0x00007f632420b800 JavaThread "Signal Dispatcher" daemon [_thread_blocked, id=20506, stack(0x00007f630bafe000,0x00007f630bbfe000)]
  0x00007f63241d9800 JavaThread "Finalizer" daemon [_thread_blocked, id=20505, stack(0x00007f630bbfe000,0x00007f630bcfe000)]
  0x00007f63241d7000 JavaThread "Reference Handler" daemon [_thread_blocked, id=20504, stack(0x00007f630bcfe000,0x00007f630bdfe000)]
  0x00007f6324010000 JavaThread "main" [_thread_blocked, id=20491, stack(0x00007f6328700000,0x00007f6328800000)]

Other Threads:
=>0x00007f63241cd800 VMThread [stack: 0x00007f630bdff000,0x00007f630beff000] [id=20503]
  0x00007f6324245800 WatcherThread [stack: 0x00007f630aefc000,0x00007f630affc000] [id=20518]

VM state:at safepoint (normal execution)

VM Mutex/Monitor currently owned by a thread:  ([mutex/lock_event])
[0x00007f632400eb80] Threads_lock - owner thread: 0x00007f63241cd800

heap address: 0x00000006c7400000, size: 3980 MB, Compressed Oops mode: Zero based, Oop shift amount: 3
Narrow klass base: 0x0000000000000000, Narrow klass shift: 3
Compressed class space size: 1073741824 Address: 0x00000007c0000000

Heap:
 PSYoungGen      total 74752K, used 64517K [0x000000076d180000, 0x0000000772480000, 0x00000007c0000000)
  eden space 64512K, 86% used [0x000000076d180000,0x0000000770804f40,0x0000000771080000)
  from space 10240K, 84% used [0x0000000771080000,0x00000007718fc880,0x0000000771a80000)
  to   space 10240K, 0% used [0x0000000771a80000,0x0000000771a80000,0x0000000772480000)
 ParOldGen       total 171008K, used 8K [0x00000006c7400000, 0x00000006d1b00000, 0x000000076d180000)
  object space 171008K, 0% used [0x00000006c7400000,0x00000006c7402000,0x00000006d1b00000)
 Metaspace       used 20898K, capacity 21132K, committed 21296K, reserved 1069056K
  class space    used 2342K, capacity 2411K, committed 2432K, reserved 1048576K

Card table byte_map: [0x00007f6313439000,0x00007f6313c00000] byte_map_base: 0x00007f630fdff000

Marking Bits: (ParMarkBitMap*) 0x00007f63297cbd80
 Begin Bits: [0x00007f62f43a0000, 0x00007f62f81d0000)
 End Bits:   [0x00007f62f81d0000, 0x00007f62fc000000)

Polling page: 0x00007f6329e33000

CodeCache: size=245760Kb used=4140Kb max_used=4140Kb free=241619Kb
 bounds [0x00007f6313c00000, 0x00007f6314010000, 0x00007f6322c00000]
 total_blobs=1570 nmethods=1159 adapters=333
 compilation: enabled

Compilation events (10 events):
Event: 1,078 Thread 0x00007f6324225000 1156       3       java.lang.invoke.MemberName::flagsMods (72 bytes)
Event: 1,078 Thread 0x00007f6324225000 nmethod 1156 0x00007f631400ad10 code [0x00007f631400ae80, 0x00007f631400aff0]
Event: 1,078 Thread 0x00007f6324225000 1157       3       java.lang.invoke.MemberName::init (66 bytes)
Event: 1,078 Thread 0x00007f6324225000 nmethod 1157 0x00007f631400a950 code [0x00007f631400aac0, 0x00007f631400ac90]
Event: 1,081 Thread 0x00007f6324225000 1158       3       java.util.Vector::elementData (7 bytes)
Event: 1,081 Thread 0x00007f6324225000 nmethod 1158 0x00007f6314009ad0 code [0x00007f6314009c40, 0x00007f6314009dd0]
Event: 1,081 Thread 0x00007f6324225000 1160  s    3       java.util.Hashtable::containsKey (65 bytes)
Event: 1,082 Thread 0x00007f6324225000 nmethod 1160 0x00007f631400c290 code [0x00007f631400c440, 0x00007f631400ca78]
Event: 1,082 Thread 0x00007f6324225000 1159       1       java.util.logging.LogManager::access$500 (5 bytes)
Event: 1,082 Thread 0x00007f6324225000 nmethod 1159 0x00007f6314009810 code [0x00007f6314009960, 0x00007f6314009a50]

GC Heap History (2 events):
Event: 0,618 GC heap before
{Heap before GC invocations=1 (full 0):
 PSYoungGen      total 74752K, used 64512K [0x000000076d180000, 0x0000000772480000, 0x00000007c0000000)
  eden space 64512K, 100% used [0x000000076d180000,0x0000000771080000,0x0000000771080000)
  from space 10240K, 0% used [0x0000000771a80000,0x0000000771a80000,0x0000000772480000)
  to   space 10240K, 0% used [0x0000000771080000,0x0000000771080000,0x0000000771a80000)
 ParOldGen       total 171008K, used 0K [0x00000006c7400000, 0x00000006d1b00000, 0x000000076d180000)
  object space 171008K, 0% used [0x00000006c7400000,0x00000006c7400000,0x00000006d1b00000)
 Metaspace       used 11506K, capacity 11754K, committed 11776K, reserved 1060864K
  class space    used 1218K, capacity 1277K, committed 1280K, reserved 1048576K
Event: 0,623 GC heap after
Heap after GC invocations=1 (full 0):
 PSYoungGen      total 74752K, used 8690K [0x000000076d180000, 0x0000000772480000, 0x00000007c0000000)
  eden space 64512K, 0% used [0x000000076d180000,0x000000076d180000,0x0000000771080000)
  from space 10240K, 84% used [0x0000000771080000,0x00000007718fc880,0x0000000771a80000)
  to   space 10240K, 0% used [0x0000000771a80000,0x0000000771a80000,0x0000000772480000)
 ParOldGen       total 171008K, used 8K [0x00000006c7400000, 0x00000006d1b00000, 0x000000076d180000)
  object space 171008K, 0% used [0x00000006c7400000,0x00000006c7402000,0x00000006d1b00000)
 Metaspace       used 11506K, capacity 11754K, committed 11776K, reserved 1060864K
  class space    used 1218K, capacity 1277K, committed 1280K, reserved 1048576K
}

Deoptimization events (9 events):
Event: 0,725 Thread 0x00007f6324010000 Uncommon trap: reason=unstable_if action=reinterpret pc=0x00007f6313eaeadc method=sun.nio.cs.UTF_8$Decoder.decode([BII[C)I @ 30
Event: 0,762 Thread 0x00007f6324010000 Uncommon trap: reason=unstable_if action=reinterpret pc=0x00007f6313ee1f6c method=java.util.Properties$LineReader.readLine()I @ 194
Event: 0,762 Thread 0x00007f6324010000 Uncommon trap: reason=unstable_if action=reinterpret pc=0x00007f6313edadb8 method=java.util.Properties.loadConvert([CII[C)Ljava/lang/String; @ 4
Event: 0,911 Thread 0x00007f6324010000 Uncommon trap: reason=unstable_if action=reinterpret pc=0x00007f6313e0d53c method=java.lang.AbstractStringBuilder.append(Ljava/lang/String;)Ljava/lang/AbstractStringBuilder; @ 1
Event: 0,911 Thread 0x00007f6324010000 Uncommon trap: reason=unstable_if action=reinterpret pc=0x00007f6313dea1c8 method=java.lang.AbstractStringBuilder.append(Ljava/lang/String;)Ljava/lang/AbstractStringBuilder; @ 1
Event: 0,914 Thread 0x00007f6324010000 Uncommon trap: reason=unstable_if action=reinterpret pc=0x00007f6313ef5b30 method=java.lang.String.regionMatches(ZILjava/lang/String;II)Z @ 123
Event: 0,964 Thread 0x00007f6324010000 Uncommon trap: reason=range_check action=make_not_entrant pc=0x00007f6313f55ff4 method=sun.reflect.generics.parser.SignatureParser.current()C @ 34
Event: 1,015 Thread 0x00007f6324010000 Uncommon trap: reason=unstable_if action=reinterpret pc=0x00007f6313d1d140 method=java.lang.String.indexOf([CII[CIII)I @ 3
Event: 1,070 Thread 0x00007f6324010000 Uncommon trap: reason=unstable_if action=reinterpret pc=0x00007f6313f5ae04 method=java.lang.CharacterDataLatin1.isWhitespace(I)Z @ 14

Classes redefined (0 events):
No events

Internal exceptions (10 events):
Event: 0,299 Thread 0x00007f6324010000 Exception <a 'java/lang/NoSuchMethodError': org.junit.runner.Description.createSuiteDescription(Ljava/lang/String;)Lorg/junit/runner/Description;> (0x000000076e115208) thrown at [/HUDSON/workspace/8-2-build-linux-amd64/jdk8u202/12319/hotspot/src/share/vm/
Event: 0,605 Thread 0x00007f6324010000 Exception <a 'java/lang/ArrayIndexOutOfBoundsException': 26> (0x0000000770e9b370) thrown at [/HUDSON/workspace/8-2-build-linux-amd64/jdk8u202/12319/hotspot/src/share/vm/interpreter/interpreterRuntime.cpp, line 368]
Event: 0,685 Thread 0x00007f6324010000 Exception <a 'java/lang/ArrayIndexOutOfBoundsException': 74> (0x000000076de939e8) thrown at [/HUDSON/workspace/8-2-build-linux-amd64/jdk8u202/12319/hotspot/src/share/vm/interpreter/interpreterRuntime.cpp, line 368]
Event: 0,911 Thread 0x00007f6324010000 Implicit null exception at 0x00007f6313e0cff6 to 0x00007f6313e0d521
Event: 0,911 Thread 0x00007f6324010000 Implicit null exception at 0x00007f6313de9cb6 to 0x00007f6313dea1b1
Event: 0,964 Thread 0x00007f6324010000 Exception <a 'java/lang/ArrayIndexOutOfBoundsException': 18> (0x000000076ffa6808) thrown at [/HUDSON/workspace/8-2-build-linux-amd64/jdk8u202/12319/hotspot/src/share/vm/interpreter/interpreterRuntime.cpp, line 368]
Event: 0,964 Thread 0x00007f6324010000 Exception <a 'java/lang/ArrayIndexOutOfBoundsException': 110> (0x000000076ffa7d60) thrown at [/HUDSON/workspace/8-2-build-linux-amd64/jdk8u202/12319/hotspot/src/share/vm/interpreter/interpreterRuntime.cpp, line 368]
Event: 0,965 Thread 0x00007f6324010000 Exception <a 'java/lang/ArrayIndexOutOfBoundsException': 40> (0x000000076ffa9000) thrown at [/HUDSON/workspace/8-2-build-linux-amd64/jdk8u202/12319/hotspot/src/share/vm/interpreter/interpreterRuntime.cpp, line 368]
Event: 1,079 Thread 0x00007f6324010000 Exception <a 'java/io/FileNotFoundException'> (0x00000007706f3e88) thrown at [/HUDSON/workspace/8-2-build-linux-amd64/jdk8u202/12319/hotspot/src/share/vm/prims/jni.cpp, line 710]
Event: 1,080 Thread 0x00007f6324010000 Exception <a 'java/io/FileNotFoundException'> (0x00000007706f4b58) thrown at [/HUDSON/workspace/8-2-build-linux-amd64/jdk8u202/12319/hotspot/src/share/vm/prims/jni.cpp, line 710]

Events (10 events):
Event: 1,084 loading class sun/misc/SoftCache done
Event: 1,084 loading class sun/awt/AppContext$State
Event: 1,084 loading class sun/awt/AppContext$State done
Event: 1,084 loading class sun/awt/AppContext$1
Event: 1,084 loading class sun/awt/AppContext$1 done
Event: 1,084 loading class java/awt/EventQueue
Event: 1,084 loading class java/awt/EventQueue done
Event: 1,086 Executing VM operation: ChangeBreakpoints
Event: 1,087 Executing VM operation: ChangeBreakpoints done
Event: 1,087 Executing VM operation: ChangeBreakpoints


Dynamic libraries:
00400000-00401000 r-xp 00000000 08:02 5922072                            /usr/java/jdk1.8.0_202-amd64/jre/bin/java
00600000-00601000 r--p 00000000 08:02 5922072                            /usr/java/jdk1.8.0_202-amd64/jre/bin/java
00601000-00602000 rw-p 00001000 08:02 5922072                            /usr/java/jdk1.8.0_202-amd64/jre/bin/java
3cff5000-3d016000 rw-p 00000000 00:00 0                                  [heap]
6c7400000-6d1b00000 rw-p 00000000 00:00 0 
6d1b00000-76d180000 ---p 00000000 00:00 0 
76d180000-772480000 rw-p 00000000 00:00 0 
772480000-7c0000000 ---p 00000000 00:00 0 
7c0000000-7c0260000 rw-p 00000000 00:00 0 
7c0260000-800000000 ---p 00000000 00:00 0 
7f6290000000-7f6290021000 rw-p 00000000 00:00 0 
7f6290021000-7f6294000000 ---p 00000000 00:00 0 
7f6298000000-7f6298021000 rw-p 00000000 00:00 0 
7f6298021000-7f629c000000 ---p 00000000 00:00 0 
7f629c000000-7f629c021000 rw-p 00000000 00:00 0 
7f629c021000-7f62a0000000 ---p 00000000 00:00 0 
7f62a0000000-7f62a0021000 rw-p 00000000 00:00 0 
7f62a0021000-7f62a4000000 ---p 00000000 00:00 0 
7f62a4000000-7f62a4021000 rw-p 00000000 00:00 0 
7f62a4021000-7f62a8000000 ---p 00000000 00:00 0 
7f62a8000000-7f62a8581000 rw-p 00000000 00:00 0 
7f62a8581000-7f62ac000000 ---p 00000000 00:00 0 
7f62ac000000-7f62ac389000 rw-p 00000000 00:00 0 
7f62ac389000-7f62b0000000 ---p 00000000 00:00 0 
7f62b0000000-7f62b02f1000 rw-p 00000000 00:00 0 
7f62b02f1000-7f62b4000000 ---p 00000000 00:00 0 
7f62b4000000-7f62b4376000 rw-p 00000000 00:00 0 
7f62b4376000-7f62b8000000 ---p 00000000 00:00 0 
7f62b8000000-7f62b803c000 rw-p 00000000 00:00 0 
7f62b803c000-7f62bc000000 ---p 00000000 00:00 0 
7f62bc000000-7f62bc021000 rw-p 00000000 00:00 0 
7f62bc021000-7f62c0000000 ---p 00000000 00:00 0 
7f62c0000000-7f62c0021000 rw-p 00000000 00:00 0 
7f62c0021000-7f62c4000000 ---p 00000000 00:00 0 
7f62c4000000-7f62c402f000 rw-p 00000000 00:00 0 
7f62c402f000-7f62c8000000 ---p 00000000 00:00 0 
7f62c8000000-7f62c8021000 rw-p 00000000 00:00 0 
7f62c8021000-7f62cc000000 ---p 00000000 00:00 0 
7f62cc000000-7f62cc021000 rw-p 00000000 00:00 0 
7f62cc021000-7f62d0000000 ---p 00000000 00:00 0 
7f62d0000000-7f62d0021000 rw-p 00000000 00:00 0 
7f62d0021000-7f62d4000000 ---p 00000000 00:00 0 
7f62d4000000-7f62d440a000 rw-p 00000000 00:00 0 
7f62d440a000-7f62d8000000 ---p 00000000 00:00 0 
7f62d8000000-7f62d8021000 rw-p 00000000 00:00 0 
7f62d8021000-7f62dc000000 ---p 00000000 00:00 0 
7f62e0000000-7f62e0021000 rw-p 00000000 00:00 0 
7f62e0021000-7f62e4000000 ---p 00000000 00:00 0 
7f62e8000000-7f62e8021000 rw-p 00000000 00:00 0 
7f62e8021000-7f62ec000000 ---p 00000000 00:00 0 
7f62f0000000-7f62f0021000 rw-p 00000000 00:00 0 
7f62f0021000-7f62f4000000 ---p 00000000 00:00 0 
7f62f43a0000-7f62fc021000 rw-p 00000000 00:00 0 
7f62fc021000-7f6300000000 ---p 00000000 00:00 0 
7f6302000000-7f6302003000 r-xp 00000000 08:02 5387116                    /usr/lib64/libXau.so.6.0.0
7f6302003000-7f6302202000 ---p 00003000 08:02 5387116                    /usr/lib64/libXau.so.6.0.0
7f6302202000-7f6302203000 r--p 00002000 08:02 5387116                    /usr/lib64/libXau.so.6.0.0
7f6302203000-7f6302204000 rw-p 00003000 08:02 5387116                    /usr/lib64/libXau.so.6.0.0
7f6302400000-7f6302410000 r-xp 00000000 08:02 5397616                    /usr/lib64/libXi.so.6.1.0
7f6302410000-7f630260f000 ---p 00010000 08:02 5397616                    /usr/lib64/libXi.so.6.1.0
7f630260f000-7f6302610000 r--p 0000f000 08:02 5397616                    /usr/lib64/libXi.so.6.1.0
7f6302610000-7f6302611000 rw-p 00010000 08:02 5397616                    /usr/lib64/libXi.so.6.1.0
7f6302800000-7f6302805000 r-xp 00000000 08:02 5397606                    /usr/lib64/libXtst.so.6.1.0
7f6302805000-7f6302a04000 ---p 00005000 08:02 5397606                    /usr/lib64/libXtst.so.6.1.0
7f6302a04000-7f6302a05000 r--p 00004000 08:02 5397606                    /usr/lib64/libXtst.so.6.1.0
7f6302a05000-7f6302a06000 rw-p 00005000 08:02 5397606                    /usr/lib64/libXtst.so.6.1.0
7f6302c00000-7f6302c09000 r-xp 00000000 08:02 5394082                    /usr/lib64/libXrender.so.1.3.0
7f6302c09000-7f6302e09000 ---p 00009000 08:02 5394082                    /usr/lib64/libXrender.so.1.3.0
7f6302e09000-7f6302e0a000 r--p 00009000 08:02 5394082                    /usr/lib64/libXrender.so.1.3.0
7f6302e0a000-7f6302e0b000 rw-p 0000a000 08:02 5394082                    /usr/lib64/libXrender.so.1.3.0
7f6303000000-7f6303011000 r-xp 00000000 08:02 5394090                    /usr/lib64/libXext.so.6.4.0
7f6303011000-7f6303210000 ---p 00011000 08:02 5394090                    /usr/lib64/libXext.so.6.4.0
7f6303210000-7f6303211000 r--p 00010000 08:02 5394090                    /usr/lib64/libXext.so.6.4.0
7f6303211000-7f6303212000 rw-p 00011000 08:02 5394090                    /usr/lib64/libXext.so.6.4.0
7f6303400000-7f630345a000 r-xp 00000000 08:02 5922100                    /usr/java/jdk1.8.0_202-amd64/jre/lib/amd64/libawt_xawt.so
7f630345a000-7f630365a000 ---p 0005a000 08:02 5922100                    /usr/java/jdk1.8.0_202-amd64/jre/lib/amd64/libawt_xawt.so
7f630365a000-7f630365b000 r--p 0005a000 08:02 5922100                    /usr/java/jdk1.8.0_202-amd64/jre/lib/amd64/libawt_xawt.so
7f630365b000-7f630365e000 rw-p 0005b000 08:02 5922100                    /usr/java/jdk1.8.0_202-amd64/jre/lib/amd64/libawt_xawt.so
7f630365e000-7f6303660000 rw-p 00000000 00:00 0 
7f6303800000-7f63038a0000 r-xp 00000000 08:02 5922098                    /usr/java/jdk1.8.0_202-amd64/jre/lib/amd64/libawt.so
7f63038a0000-7f6303a9f000 ---p 000a0000 08:02 5922098                    /usr/java/jdk1.8.0_202-amd64/jre/lib/amd64/libawt.so
7f6303a9f000-7f6303aa0000 r--p 0009f000 08:02 5922098                    /usr/java/jdk1.8.0_202-amd64/jre/lib/amd64/libawt.so
7f6303aa0000-7f6303aab000 rw-p 000a0000 08:02 5922098                    /usr/java/jdk1.8.0_202-amd64/jre/lib/amd64/libawt.so
7f6303aab000-7f6303ad0000 rw-p 00000000 00:00 0 
7f6303c00000-7f6303c11000 r-xp 00000000 08:02 5922140                    /usr/java/jdk1.8.0_202-amd64/jre/lib/amd64/libnio.so
7f6303c11000-7f6303e10000 ---p 00011000 08:02 5922140                    /usr/java/jdk1.8.0_202-amd64/jre/lib/amd64/libnio.so
7f6303e10000-7f6303e11000 r--p 00010000 08:02 5922140                    /usr/java/jdk1.8.0_202-amd64/jre/lib/amd64/libnio.so
7f6303e11000-7f6303e12000 rw-p 00011000 08:02 5922140                    /usr/java/jdk1.8.0_202-amd64/jre/lib/amd64/libnio.so
7f6304000000-7f6304021000 rw-p 00000000 00:00 0 
7f6304021000-7f6308000000 ---p 00000000 00:00 0 
7f63080bc000-7f63081f8000 r-xp 00000000 08:02 5393434                    /usr/lib64/libX11.so.6.4.0
7f63081f8000-7f63081fb000 r--p 0013b000 08:02 5393434                    /usr/lib64/libX11.so.6.4.0
7f63081fb000-7f63081ff000 rw-p 0013e000 08:02 5393434                    /usr/lib64/libX11.so.6.4.0
7f63081ff000-7f630826b000 rw-p 00000000 00:00 0 
7f630826b000-7f63083ff000 ---p 00000000 00:00 0 
7f63083ff000-7f63085bf000 rw-p 00000000 00:00 0 
7f63085bf000-7f63087bf000 rw-p 00000000 00:00 0 
7f63087bf000-7f630a000000 rw-p 00000000 00:00 0 
7f630a000000-7f630a016000 r-xp 00000000 08:02 5922139                    /usr/java/jdk1.8.0_202-amd64/jre/lib/amd64/libnet.so
7f630a016000-7f630a216000 ---p 00016000 08:02 5922139                    /usr/java/jdk1.8.0_202-amd64/jre/lib/amd64/libnet.so
7f630a216000-7f630a217000 r--p 00016000 08:02 5922139                    /usr/java/jdk1.8.0_202-amd64/jre/lib/amd64/libnet.so
7f630a217000-7f630a218000 rw-p 00017000 08:02 5922139                    /usr/java/jdk1.8.0_202-amd64/jre/lib/amd64/libnet.so
7f630a300000-7f630a303000 ---p 00000000 00:00 0 
7f630a303000-7f630a5c0000 rw-p 00000000 00:00 0 
7f630a5c0000-7f630a7c0000 rw-p 00000000 00:00 0 
7f630a7c0000-7f630aa00000 rw-p 00000000 00:00 0 
7f630aa00000-7f630aa03000 ---p 00000000 00:00 0 
7f630aa03000-7f630ab00000 rw-p 00000000 00:00 0 
7f630ab00000-7f630ab03000 ---p 00000000 00:00 0 
7f630ab03000-7f630ac00000 rw-p 00000000 00:00 0 
7f630ac00000-7f630ac09000 r-xp 00000000 08:02 5922137                    /usr/java/jdk1.8.0_202-amd64/jre/lib/amd64/libmanagement.so
7f630ac09000-7f630ae08000 ---p 00009000 08:02 5922137                    /usr/java/jdk1.8.0_202-amd64/jre/lib/amd64/libmanagement.so
7f630ae08000-7f630ae09000 r--p 00008000 08:02 5922137                    /usr/java/jdk1.8.0_202-amd64/jre/lib/amd64/libmanagement.so
7f630ae09000-7f630ae0a000 rw-p 00009000 08:02 5922137                    /usr/java/jdk1.8.0_202-amd64/jre/lib/amd64/libmanagement.so
7f630aefb000-7f630aefc000 ---p 00000000 00:00 0 
7f630aefc000-7f630affc000 rw-p 00000000 00:00 0 
7f630affc000-7f630afff000 ---p 00000000 00:00 0 
7f630afff000-7f630b0fc000 rw-p 00000000 00:00 0 
7f630b0fc000-7f630b0fd000 ---p 00000000 00:00 0 
7f630b0fd000-7f630b100000 ---p 00000000 00:00 0 
7f630b100000-7f630b1fd000 rw-p 00000000 00:00 0 
7f630b1fd000-7f630b1fe000 ---p 00000000 00:00 0 
7f630b1fe000-7f630b201000 ---p 00000000 00:00 0 
7f630b201000-7f630b2fe000 rw-p 00000000 00:00 0 
7f630b2fe000-7f630b2ff000 ---p 00000000 00:00 0 
7f630b2ff000-7f630b302000 ---p 00000000 00:00 0 
7f630b302000-7f630b3ff000 rw-p 00000000 00:00 0 
7f630b3ff000-7f630b400000 ---p 00000000 00:00 0 
7f630b400000-7f630b403000 ---p 00000000 00:00 0 
7f630b403000-7f630b500000 rw-p 00000000 00:00 0 
7f630b500000-7f630b503000 ---p 00000000 00:00 0 
7f630b503000-7f630b600000 rw-p 00000000 00:00 0 
7f630b600000-7f630b603000 ---p 00000000 00:00 0 
7f630b603000-7f630b700000 rw-p 00000000 00:00 0 
7f630b700000-7f630b703000 ---p 00000000 00:00 0 
7f630b703000-7f630b800000 rw-p 00000000 00:00 0 
7f630b800000-7f630b804000 r-xp 00000000 08:02 5922105                    /usr/java/jdk1.8.0_202-amd64/jre/lib/amd64/libdt_socket.so
7f630b804000-7f630ba03000 ---p 00004000 08:02 5922105                    /usr/java/jdk1.8.0_202-amd64/jre/lib/amd64/libdt_socket.so
7f630ba03000-7f630ba04000 r--p 00003000 08:02 5922105                    /usr/java/jdk1.8.0_202-amd64/jre/lib/amd64/libdt_socket.so
7f630ba04000-7f630ba05000 rw-p 00004000 08:02 5922105                    /usr/java/jdk1.8.0_202-amd64/jre/lib/amd64/libdt_socket.so
7f630bafe000-7f630bb01000 ---p 00000000 00:00 0 
7f630bb01000-7f630bbfe000 rw-p 00000000 00:00 0 
7f630bbfe000-7f630bc01000 ---p 00000000 00:00 0 
7f630bc01000-7f630bcfe000 rw-p 00000000 00:00 0 
7f630bcfe000-7f630bd01000 ---p 00000000 00:00 0 
7f630bd01000-7f630bdfe000 rw-p 00000000 00:00 0 
7f630bdfe000-7f630bdff000 ---p 00000000 00:00 0 
7f630bdff000-7f630c021000 rw-p 00000000 00:00 0 
7f630c021000-7f6310000000 ---p 00000000 00:00 0 
7f631004e000-7f6311a68000 rw-p 00000000 00:00 0 
7f6311a68000-7f6311c41000 r--s 03d22000 08:02 5922172                    /usr/java/jdk1.8.0_202-amd64/jre/lib/rt.jar
7f6311c41000-7f6312c07000 rw-p 00000000 00:00 0 
7f6312c07000-7f6312c08000 ---p 00000000 00:00 0 
7f6312c08000-7f6312d08000 rw-p 00000000 00:00 0 
7f6312d08000-7f6312d09000 ---p 00000000 00:00 0 
7f6312d09000-7f6312e09000 rw-p 00000000 00:00 0 
7f6312e09000-7f6312e0a000 ---p 00000000 00:00 0 
7f6312e0a000-7f6312f5e000 rw-p 00000000 00:00 0 
7f6312f5e000-7f6313439000 ---p 00000000 00:00 0 
7f6313439000-7f631348d000 rw-p 00000000 00:00 0 
7f631348d000-7f6313967000 ---p 00000000 00:00 0 
7f6313967000-7f6313992000 rw-p 00000000 00:00 0 
7f6313992000-7f6313bff000 ---p 00000000 00:00 0 
7f6313bff000-7f6313c00000 rw-p 00000000 00:00 0 
7f6313c00000-7f6314010000 rwxp 00000000 00:00 0 
7f6314010000-7f6322c00000 ---p 00000000 00:00 0 
7f6322c00000-7f6322c1b000 r-xp 00000000 08:02 5922154                    /usr/java/jdk1.8.0_202-amd64/jre/lib/amd64/libzip.so
7f6322c1b000-7f6322e1a000 ---p 0001b000 08:02 5922154                    /usr/java/jdk1.8.0_202-amd64/jre/lib/amd64/libzip.so
7f6322e1a000-7f6322e1b000 r--p 0001a000 08:02 5922154                    /usr/java/jdk1.8.0_202-amd64/jre/lib/amd64/libzip.so
7f6322e1b000-7f6322e1c000 rw-p 0001b000 08:02 5922154                    /usr/java/jdk1.8.0_202-amd64/jre/lib/amd64/libzip.so
7f6322e82000-7f6322ea6000 r--p 00000000 08:02 5440131                    /usr/share/locale/pt_BR/LC_MESSAGES/libc.mo
7f6322ea6000-7f6322ece000 r-xp 00000000 08:02 5388901                    /usr/lib64/libxcb.so.1.1.0
7f6322ece000-7f6322ecf000 r--p 00027000 08:02 5388901                    /usr/lib64/libxcb.so.1.1.0
7f6322ecf000-7f6322ed0000 rw-p 00028000 08:02 5388901                    /usr/lib64/libxcb.so.1.1.0
7f6322ee4000-7f6322eff000 r--s 001cf000 08:02 5922288                    /usr/java/jdk1.8.0_202-amd64/jre/lib/ext/nashorn.jar
7f6322eff000-7f6322f00000 ---p 00000000 00:00 0 
7f6322f00000-7f6323000000 rw-p 00000000 00:00 0 
7f6323000000-7f6323278000 r--p 00000000 08:02 5533537                    /usr/lib/locale/pt_BR.utf8/LC_COLLATE
7f6323285000-7f632328b000 r--s 002f8000 08:02 5922341                    /usr/java/jdk1.8.0_202-amd64/jre/lib/charsets.jar
7f632328b000-7f63232c0000 r--s 00000000 00:18 1517                       /run/nscd/db7tO01s (deleted)
7f63232c0000-7f63232c2000 r--s 00005000 08:03 1322719                    /home/salvio/.m2/repository/org/apache/maven/surefire/common-junit4/3.2.5/common-junit4-3.2.5.jar
7f63232c2000-7f63232c3000 r--s 00002000 08:03 1322723                    /home/salvio/.m2/repository/org/apache/maven/surefire/common-junit3/3.2.5/common-junit3-3.2.5.jar
7f63232c3000-7f63232c5000 r--s 00003000 08:03 1322721                    /home/salvio/.m2/repository/org/apache/maven/surefire/common-java5/3.2.5/common-java5-3.2.5.jar
7f63232c5000-7f63232c7000 r--s 00003000 08:03 1322717                    /home/salvio/.m2/repository/org/apache/maven/surefire/surefire-junit4/3.2.5/surefire-junit4-3.2.5.jar
7f63232c7000-7f63232c9000 r--s 00011000 08:03 1051753                    /home/salvio/.m2/repository/org/hamcrest/hamcrest-core/1.1/hamcrest-core-1.1.jar
7f63232c9000-7f63232d0000 r--s 00037000 08:03 1051751                    /home/salvio/.m2/repository/junit/junit/4.10/junit-4.10.jar
7f63232d0000-7f63232da000 r--s 00067000 08:03 1054503                    /home/salvio/.m2/repository/com/sun/jersey/jersey-core/1.12/jersey-core-1.12.jar
7f63232da000-7f63232dd000 r--s 0001d000 08:03 1054502                    /home/salvio/.m2/repository/com/sun/jersey/jersey-client/1.12/jersey-client-1.12.jar
7f63232dd000-7f63232e0000 r--s 00015000 08:03 1054500                    /home/salvio/.m2/repository/javax/servlet/javax.servlet-api/3.1.0/javax.servlet-api-3.1.0.jar
7f63232e0000-7f63232e2000 r--s 00009000 08:03 1054496                    /home/salvio/.m2/repository/org/eclipse/jetty/websocket/websocket-api/9.4.12.v20180830/websocket-api-9.4.12.v20180830.jar
7f63232e2000-7f63232e4000 r--s 00004000 08:03 1054494                    /home/salvio/.m2/repository/org/eclipse/jetty/websocket/websocket-servlet/9.4.12.v20180830/websocket-servlet-9.4.12.v20180830.jar
7f63232e4000-7f63232ea000 r--s 0003f000 08:03 1054492                    /home/salvio/.m2/repository/org/eclipse/jetty/jetty-client/9.4.12.v20180830/jetty-client-9.4.12.v20180830.jar
7f63232ea000-7f63232eb000 r--s 00008000 08:03 1054491                    /home/salvio/.m2/repository/org/eclipse/jetty/websocket/websocket-client/9.4.12.v20180830/websocket-client-9.4.12.v20180830.jar
7f63232eb000-7f63232f0000 r--s 0002c000 08:03 1054490                    /home/salvio/.m2/repository/org/eclipse/jetty/websocket/websocket-common/9.4.12.v20180830/websocket-common-9.4.12.v20180830.jar
7f63232f0000-7f63232f2000 r--s 00007000 08:03 1054486                    /home/salvio/.m2/repository/org/eclipse/jetty/websocket/websocket-server/9.4.12.v20180830/websocket-server-9.4.12.v20180830.jar
7f63232f2000-7f63232f4000 r--s 00015000 08:03 1054485                    /home/salvio/.m2/repository/org/eclipse/jetty/jetty-security/9.4.12.v20180830/jetty-security-9.4.12.v20180830.jar
7f63232f4000-7f63232f7000 r--s 00019000 08:03 1054482                    /home/salvio/.m2/repository/org/eclipse/jetty/jetty-servlet/9.4.12.v20180830/jetty-servlet-9.4.12.v20180830.jar
7f63232f7000-7f63232f8000 r--s 0000c000 08:03 1054481                    /home/salvio/.m2/repository/org/eclipse/jetty/jetty-xml/9.4.12.v20180830/jetty-xml-9.4.12.v20180830.jar
7f63232f8000-7f63232fb000 r--s 0001d000 08:03 1054476                    /home/salvio/.m2/repository/org/eclipse/jetty/jetty-webapp/9.4.12.v20180830/jetty-webapp-9.4.12.v20180830.jar
7f63232fb000-7f63232ff000 r--s 0001f000 08:03 1054478                    /home/salvio/.m2/repository/org/eclipse/jetty/jetty-io/9.4.12.v20180830/jetty-io-9.4.12.v20180830.jar
7f63232ff000-7f6323300000 ---p 00000000 00:00 0 
7f6323300000-7f6323400000 rw-p 00000000 00:00 0 
7f6323400000-7f6323402000 r-xp 00000000 08:02 5922142                    /usr/java/jdk1.8.0_202-amd64/jre/lib/amd64/libnpt.so
7f6323402000-7f6323602000 ---p 00002000 08:02 5922142                    /usr/java/jdk1.8.0_202-amd64/jre/lib/amd64/libnpt.so
7f6323602000-7f6323603000 r--p 00002000 08:02 5922142                    /usr/java/jdk1.8.0_202-amd64/jre/lib/amd64/libnpt.so
7f6323603000-7f6323604000 rw-p 00003000 08:02 5922142                    /usr/java/jdk1.8.0_202-amd64/jre/lib/amd64/libnpt.so
7f6323604000-7f632360c000 r--s 00073000 08:03 1054477                    /home/salvio/.m2/repository/org/eclipse/jetty/jetty-util/9.4.12.v20180830/jetty-util-9.4.12.v20180830.jar
7f632360c000-7f632360f000 r--s 0002d000 08:03 1054474                    /home/salvio/.m2/repository/org/eclipse/jetty/jetty-http/9.4.12.v20180830/jetty-http-9.4.12.v20180830.jar
7f632360f000-7f6323617000 r--s 0008d000 08:03 1054475                    /home/salvio/.m2/repository/org/eclipse/jetty/jetty-server/9.4.12.v20180830/jetty-server-9.4.12.v20180830.jar
7f6323617000-7f6323619000 r--s 00009000 08:03 1053812                    /home/salvio/.m2/repository/org/slf4j/slf4j-api/1.7.25/slf4j-api-1.7.25.jar
7f6323619000-7f632361d000 r--s 00024000 08:03 1054472                    /home/salvio/.m2/repository/com/sparkjava/spark-core/2.8.0/spark-core-2.8.0.jar
7f632361d000-7f6323628000 r--s 00030000 08:03 1053225                    /home/salvio/.m2/repository/info/cukes/cucumber-java/1.2.5/cucumber-java-1.2.5.jar
7f6323628000-7f632362a000 r--s 00028000 08:03 1053221                    /home/salvio/.m2/repository/info/cukes/cucumber-java8/1.2.5/cucumber-java8-1.2.5.jar
7f632362a000-7f6323632000 r--s 001a4000 08:03 1053217                    /home/salvio/.m2/repository/info/cukes/gherkin/2.12.2/gherkin-2.12.2.jar
7f6323632000-7f6323642000 r--s 00084000 08:03 1053219                    /home/salvio/.m2/repository/info/cukes/cucumber-jvm-deps/1.0.5/cucumber-jvm-deps-1.0.5.jar
7f6323642000-7f6323643000 r--s 00009000 08:03 1053218                    /home/salvio/.m2/repository/info/cukes/cucumber-html/0.2.3/cucumber-html-0.2.3.jar
7f6323643000-7f6323648000 r--s 00033000 08:03 1053222                    /home/salvio/.m2/repository/info/cukes/cucumber-core/1.2.5/cucumber-core-1.2.5.jar
7f6323648000-7f632364a000 r--s 00004000 08:03 1053215                    /home/salvio/.m2/repository/info/cukes/cucumber-junit/1.2.5/cucumber-junit-1.2.5.jar
7f632364a000-7f63236ab000 r--s 0071d000 08:03 1053223                    /home/salvio/.m2/repository/org/jboss/forge/roaster/roaster-jdt/2.19.4.Final/roaster-jdt-2.19.4.Final.jar
7f63236ab000-7f63236af000 r--s 00010000 08:03 1053213                    /home/salvio/.m2/repository/org/jboss/forge/roaster/roaster-api/2.19.4.Final/roaster-api-2.19.4.Final.jar
7f63236af000-7f63236b1000 r--s 0000e000 08:03 1048820                    /home/salvio/.m2/repository/br/org/coletivoJava/fw/SBTestes/1.0.0-RC-SNAPSHOT/SBTestes-1.0.0-RC-SNAPSHOT.jar
7f63236b1000-7f63236b3000 r--s 00005000 08:03 1048784                    /home/salvio/.m2/repository/br/org/coletivoJava/fw/SBRestClientTestes/1.0.0-RC-SNAPSHOT/SBRestClientTestes-1.0.0-RC-SNAPSHOT.jar
7f63236b3000-7f63236b5000 r--s 0000e000 08:03 1054351                    /home/salvio/.m2/repository/commons-logging/commons-logging/1.2/commons-logging-1.2.jar
7f63236b5000-7f63236bd000 r--s 00049000 08:03 1054348                    /home/salvio/.m2/repository/org/apache/httpcomponents/httpcore/4.4.13/httpcore-4.4.13.jar
7f63236bd000-7f63236ca000 r--s 000b2000 08:03 1054347                    /home/salvio/.m2/repository/org/apache/httpcomponents/httpclient/4.5.13/httpclient-4.5.13.jar
7f63236ca000-7f63236dd000 r--s 00137000 08:03 1054346                    /home/salvio/.m2/repository/com/fasterxml/jackson/core/jackson-databind/2.9.6/jackson-databind-2.9.6.jar
7f63236dd000-7f63236e0000 r--s 0000e000 08:03 1054349                    /home/salvio/.m2/repository/com/fasterxml/jackson/core/jackson-annotations/2.9.6/jackson-annotations-2.9.6.jar
7f63236e0000-7f63236e4000 r--s 00020000 08:03 1053120                    /home/salvio/.m2/repository/org/glassfish/jakarta.json/2.0.1/jakarta.json-2.0.1.jar
7f63236e4000-7f63236e9000 r--s 00057000 08:03 1054341                    /home/salvio/.m2/repository/com/fasterxml/jackson/core/jackson-core/2.13.1/jackson-core-2.13.1.jar
7f63236e9000-7f63236eb000 r--s 00005000 08:03 1054343                    /home/salvio/.m2/repository/com/fasterxml/jackson/datatype/jackson-datatype-hibernate5/2.13.1/jackson-datatype-hibernate5-2.13.1.jar
7f63236eb000-7f63236ed000 r--s 00005000 08:03 1048760                    /home/salvio/.m2/repository/br/org/coletivoJava/fw/SBServlets/1.0.0-RC-SNAPSHOT/SBServlets-1.0.0-RC-SNAPSHOT.jar
7f63236ed000-7f63236f6000 r--s 0002d000 08:03 1053128                    /home/salvio/.m2/repository/xml-apis/xml-apis/1.4.01/xml-apis-1.4.01.jar
7f63236f6000-7f63236ff000 r--s 0009d000 08:03 1053123                    /home/salvio/.m2/repository/com/sun/mail/jakarta.mail/1.6.7/jakarta.mail-1.6.7.jar
7f63236ff000-7f6323700000 ---p 00000000 00:00 0 
7f6323700000-7f6323800000 rw-p 00000000 00:00 0 
7f6323800000-7f632383a000 r-xp 00000000 08:02 5922127                    /usr/java/jdk1.8.0_202-amd64/jre/lib/amd64/libjdwp.so
7f632383a000-7f6323a39000 ---p 0003a000 08:02 5922127                    /usr/java/jdk1.8.0_202-amd64/jre/lib/amd64/libjdwp.so
7f6323a39000-7f6323a3a000 r--p 00039000 08:02 5922127                    /usr/java/jdk1.8.0_202-amd64/jre/lib/amd64/libjdwp.so
7f6323a3a000-7f6323a3b000 rw-p 0003a000 08:02 5922127                    /usr/java/jdk1.8.0_202-amd64/jre/lib/amd64/libjdwp.so
7f6323a3b000-7f6323a3d000 r--s 00000000 08:03 1053130                    /home/salvio/.m2/repository/de/sven-jacobs/loremipsum/1.0/loremipsum-1.0.jar
7f6323a3d000-7f6323a40000 r--s 0000e000 08:03 1053126                    /home/salvio/.m2/repository/com/sun/activation/jakarta.activation/1.2.1/jakarta.activation-1.2.1.jar
7f6323a40000-7f6323a42000 r--s 0000e000 08:03 1053124                    /home/salvio/.m2/repository/org/apache/commons/commons-email/1.6.0/commons-email-1.6.0.jar
7f6323a42000-7f6323a44000 r--s 00008000 08:03 1053117                    /home/salvio/.m2/repository/com/jayway/restassured/rest-assured-common/2.9.0/rest-assured-common-2.9.0.jar
7f6323a44000-7f6323a91000 r--s 0040c000 08:03 1053118                    /home/salvio/.m2/repository/org/codehaus/groovy/groovy/2.4.4/groovy-2.4.4.jar
7f6323a91000-7f6323a93000 r--s 0001e000 08:03 1053114                    /home/salvio/.m2/repository/org/codehaus/groovy/groovy-json/2.4.4/groovy-json-2.4.4.jar
7f6323a93000-7f6323a95000 r--s 0000b000 08:03 1053113                    /home/salvio/.m2/repository/com/jayway/restassured/json-path/2.9.0/json-path-2.9.0.jar
7f6323a95000-7f6323a9c000 r--s 0003a000 08:03 1053110                    /home/salvio/.m2/repository/commons-codec/commons-codec/1.9/commons-codec-1.9.jar
7f6323a9c000-7f6323aa9000 r--s 00083000 08:03 1053109                    /home/salvio/.m2/repository/commons-collections/commons-collections/3.2.2/commons-collections-3.2.2.jar
7f6323aa9000-7f6323aab000 r--s 0000a000 08:03 1053106                    /home/salvio/.m2/repository/javax/ws/rs/jsr311-api/1.1.1/jsr311-api-1.1.1.jar
7f6323aab000-7f6323ab0000 r--s 00036000 08:03 1053105                    /home/salvio/.m2/repository/com/google/code/gson/gson/2.8.5/gson-2.8.5.jar
7f6323ab0000-7f6323ab4000 r--s 0002f000 08:03 1052810                    /home/salvio/.m2/repository/commons-io/commons-io/2.5/commons-io-2.5.jar
7f6323ab4000-7f6323aba000 r--s 00051000 08:03 1053103                    /home/salvio/.m2/repository/org/jsoup/jsoup/1.10.3/jsoup-1.10.3.jar
7f6323aba000-7f6323ae1000 r--s 001f6000 08:03 1053091                    /home/salvio/.m2/repository/org/apache/commons/commons-math3/3.6.1/commons-math3-3.6.1.jar
7f6323ae1000-7f6323ae9000 r--s 00072000 08:03 1053089                    /home/salvio/.m2/repository/org/apache/commons/commons-lang3/3.7/commons-lang3-3.7.jar
7f6323ae9000-7f6323aed000 r--s 00029000 08:03 1053088                    /home/salvio/.m2/repository/org/apache/commons/commons-text/1.3/commons-text-1.3.jar
7f6323aed000-7f6323aff000 r--s 000ba000 08:03 1048769                    /home/salvio/.m2/repository/br/org/coletivoJava/fw/SBCore/1.0.0-RC-SNAPSHOT/SBCore-1.0.0-RC-SNAPSHOT.jar
7f6323aff000-7f6323b00000 ---p 00000000 00:00 0 
7f6323b00000-7f6323c00000 rw-p 00000000 00:00 0 
7f6323c00000-7f6323c2c000 r-xp 00000000 08:02 5922119                    /usr/java/jdk1.8.0_202-amd64/jre/lib/amd64/libjava.so
7f6323c2c000-7f6323e2b000 ---p 0002c000 08:02 5922119                    /usr/java/jdk1.8.0_202-amd64/jre/lib/amd64/libjava.so
7f6323e2b000-7f6323e2c000 r--p 0002b000 08:02 5922119                    /usr/java/jdk1.8.0_202-amd64/jre/lib/amd64/libjava.so
7f6323e2c000-7f6323e2e000 rw-p 0002c000 08:02 5922119                    /usr/java/jdk1.8.0_202-amd64/jre/lib/amd64/libjava.so
7f6323e2e000-7f6323e2f000 r--s 00006000 08:03 1054340                    /home/salvio/.m2/repository/javax/transaction/javax.transaction-api/1.3/javax.transaction-api-1.3.jar
7f6323e2f000-7f6323e35000 r--s 00063000 08:03 1053084                    /home/salvio/.m2/repository/dnsjava/dnsjava/3.3.1/dnsjava-3.3.1.jar
7f6323e35000-7f6323e39000 r--s 0001b000 08:03 1048761                    /home/salvio/.m2/repository/br/org/coletivoJava/fw/SBRestClient/1.0.0-RC-SNAPSHOT/SBRestClient-1.0.0-RC-SNAPSHOT.jar
7f6323e39000-7f6323e6b000 r--s 00278000 08:03 1052526                    /home/salvio/.m2/repository/com/google/guava/guava/29.0-jre/guava-29.0-jre.jar
7f6323e6b000-7f6323e8d000 r--s 00193000 08:03 1052522                    /home/salvio/.m2/repository/org/apache/logging/log4j/log4j-core/2.16.0/log4j-core-2.16.0.jar
7f6323e8d000-7f6323eb0000 r--s 0038e000 08:02 5922282                    /usr/java/jdk1.8.0_202-amd64/jre/lib/ext/cldrdata.jar
7f6323eb0000-7f6323eff000 rw-p 00000000 00:00 0 
7f6323eff000-7f6323f00000 ---p 00000000 00:00 0 
7f6323f00000-7f6324e3d000 rw-p 00000000 00:00 0 
7f6324e3d000-7f6328000000 ---p 00000000 00:00 0 
7f6328000000-7f6328001000 r--s 00005000 08:03 1052853                    /home/salvio/.m2/repository/com/googlecode/json-simple/json-simple/1.1.1/json-simple-1.1.1.jar
7f6328001000-7f6328003000 r--s 00002000 08:03 1048798                    /home/salvio/.m2/repository/br/org/coletivoJava/fw/api/erp/cepBR/SbErpCodigoPostalBR/1.0.0-RC-SNAPSHOT/SbErpCodigoPostalBR-1.0.0-RC-SNAPSHOT.jar
7f6328003000-7f6328005000 r--s 00004000 08:03 1048743                    /home/salvio/.m2/repository/br/org/coletivoJava/fw/api/erp/comunicacao/apiComunicacao/1.0.0-RC-SNAPSHOT/apiComunicacao-1.0.0-RC-SNAPSHOT.jar
7f6328005000-7f632800f000 r--s 000aa000 08:03 1052316                    /home/salvio/.m2/repository/org/javassist/javassist/3.21.0-GA/javassist-3.21.0-GA.jar
7f632800f000-7f6328013000 r--s 0001d000 08:03 1048739                    /home/salvio/.m2/repository/org/reflections/reflections/0.9.12-SNAPSHOT/reflections-0.9.12-SNAPSHOT.jar
7f6328013000-7f6328040000 r--s 00227000 08:03 1051517                    /home/salvio/.m2/repository/org/apache/maven/surefire/surefire-shared-utils/3.2.5/surefire-shared-utils-3.2.5.jar
7f6328040000-7f6328051000 rw-p 00000000 00:00 0 
7f6328051000-7f6328400000 ---p 00000000 00:00 0 
7f6328400000-7f632840d000 r-xp 00000000 08:02 5922153                    /usr/java/jdk1.8.0_202-amd64/jre/lib/amd64/libverify.so
7f632840d000-7f632860c000 ---p 0000d000 08:02 5922153                    /usr/java/jdk1.8.0_202-amd64/jre/lib/amd64/libverify.so
7f632860c000-7f632860e000 r--p 0000c000 08:02 5922153                    /usr/java/jdk1.8.0_202-amd64/jre/lib/amd64/libverify.so
7f632860e000-7f632860f000 rw-p 0000e000 08:02 5922153                    /usr/java/jdk1.8.0_202-amd64/jre/lib/amd64/libverify.so
7f632860f000-7f6328610000 r--s 00002000 08:03 1048735                    /home/salvio/.m2/repository/mtfn/mtfn/0.0.2/mtfn-0.0.2.jar
7f6328610000-7f6328615000 r--s 00012000 08:03 1052540                    /home/salvio/.m2/repository/javax/validation/validation-api/2.0.0.Final/validation-api-2.0.0.Final.jar
7f6328615000-7f6328617000 r--s 00001000 08:03 1052538                    /home/salvio/.m2/repository/com/google/j2objc/j2objc-annotations/1.3/j2objc-annotations-1.3.jar
7f6328617000-7f6328619000 r--s 00002000 08:03 1052535                    /home/salvio/.m2/repository/com/google/errorprone/error_prone_annotations/2.3.4/error_prone_annotations-2.3.4.jar
7f6328619000-7f6328624000 r--s 00027000 08:03 1052533                    /home/salvio/.m2/repository/org/checkerframework/checker-qual/2.11.1/checker-qual-2.11.1.jar
7f6328624000-7f6328626000 r--s 00003000 08:03 1052531                    /home/salvio/.m2/repository/com/google/code/findbugs/jsr305/3.0.2/jsr305-3.0.2.jar
7f6328626000-7f6328628000 r--s 00000000 08:03 1052527                    /home/salvio/.m2/repository/com/google/guava/failureaccess/1.0.1/failureaccess-1.0.1.jar
7f6328628000-7f632862e000 r--s 00044000 08:03 1052521                    /home/salvio/.m2/repository/org/apache/logging/log4j/log4j-api/2.16.0/log4j-api-2.16.0.jar
7f632862e000-7f63286ff000 rw-p 00000000 00:00 0 
7f63286ff000-7f6328700000 ---p 00000000 00:00 0 
7f6328700000-7f6328703000 ---p 00000000 00:00 0 
7f6328703000-7f6328800000 rw-p 00000000 00:00 0 
7f6328800000-7f63294e8000 r-xp 00000000 08:02 5922158                    /usr/java/jdk1.8.0_202-amd64/jre/lib/amd64/server/libjvm.so
7f63294e8000-7f63296e7000 ---p 00ce8000 08:02 5922158                    /usr/java/jdk1.8.0_202-amd64/jre/lib/amd64/server/libjvm.so
7f63296e7000-7f632977d000 r--p 00ce7000 08:02 5922158                    /usr/java/jdk1.8.0_202-amd64/jre/lib/amd64/server/libjvm.so
7f632977d000-7f63297ae000 rw-p 00d7d000 08:02 5922158                    /usr/java/jdk1.8.0_202-amd64/jre/lib/amd64/server/libjvm.so
7f63297ae000-7f63297e9000 rw-p 00000000 00:00 0 
7f63297e9000-7f63297ea000 r--s 00000000 08:03 1052529                    /home/salvio/.m2/repository/com/google/guava/listenablefuture/9999.0-empty-to-avoid-conflict-with-guava/listenablefuture-9999.0-empty-to-avoid-conflict-with-guava.jar
7f63297ea000-7f63297ec000 r--s 00003000 08:03 1052515                    /home/salvio/.m2/repository/com/fasterxml/jackson/datatype/jackson-datatype-json-org/2.13.0/jackson-datatype-json-org-2.13.0.jar
7f63297ec000-7f63297ee000 r--s 0000a000 08:03 1052512                    /home/salvio/.m2/repository/jakarta/json/jakarta.json-api/2.0.0/jakarta.json-api-2.0.0.jar
7f63297ee000-7f63297f0000 r--s 00003000 08:03 1052509                    /home/salvio/.m2/repository/com/fasterxml/jackson/datatype/jackson-datatype-jakarta-jsonp/2.13.0/jackson-datatype-jakarta-jsonp-2.13.0.jar
7f63297f0000-7f6329800000 r--s 00051000 08:03 1048749                    /home/salvio/.m2/repository/br/org/coletivoJava/fw/SBApiCore/1.0.0-RC-SNAPSHOT/SBApiCore-1.0.0-RC-SNAPSHOT.jar
7f6329800000-7f63299fb000 r-xp 00000000 08:02 1966084                    /lib64/libc.so.6
7f63299fb000-7f63299ff000 r--p 001fa000 08:02 1966084                    /lib64/libc.so.6
7f63299ff000-7f6329a07000 rw-p 001fe000 08:02 1966084                    /lib64/libc.so.6
7f6329a07000-7f6329a15000 rw-p 00000000 00:00 0 
7f6329a15000-7f6329a16000 r--s 0000f000 08:03 1052519                    /home/salvio/.m2/repository/org/json/json/20190722/json-20190722.jar
7f6329a16000-7f6329a17000 r--s 00000000 08:03 1051070                    /home/salvio/.m2/repository/javax/inject/javax.inject/1/javax.inject-1.jar
7f6329a17000-7f6329a18000 r--s 00001000 08:03 1051505                    /home/salvio/.m2/repository/org/apache/maven/surefire/surefire-extensions-spi/3.2.5/surefire-extensions-spi-3.2.5.jar
7f6329a18000-7f6329a23000 r--s 0021a000 08:02 5922161                    /usr/java/jdk1.8.0_202-amd64/jre/lib/ext/localedata.jar
7f6329a23000-7f6329a25000 r--s 00002000 08:03 1051502                    /home/salvio/.m2/repository/org/apache/maven/surefire/surefire-logger-api/3.2.5/surefire-logger-api-3.2.5.jar
7f6329a25000-7f6329a2a000 r--s 00025000 08:03 1051506                    /home/salvio/.m2/repository/org/apache/maven/surefire/surefire-api/3.2.5/surefire-api-3.2.5.jar
7f6329a2a000-7f6329a2d000 r--s 0001a000 08:03 1051504                    /home/salvio/.m2/repository/org/apache/maven/surefire/surefire-booter/3.2.5/surefire-booter-3.2.5.jar
7f6329a2d000-7f6329a7b000 rw-p 00000000 00:00 0 
7f6329a7b000-7f6329a83000 rw-s 00000000 08:02 10357255                   /tmp/hsperfdata_salvio/20489
7f6329a83000-7f6329ab8000 r--s 00000000 08:02 10880327                   /var/lib/nscd/passwd
7f6329ab8000-7f6329b10000 r--p 00000000 08:02 5538845                    /usr/lib/locale/pt_BR.utf8/LC_CTYPE
7f6329b10000-7f6329b11000 r-xp 00000000 08:02 1966137                    /lib64/librt.so.1
7f6329b11000-7f6329b12000 r--p 00000000 08:02 1966137                    /lib64/librt.so.1
7f6329b12000-7f6329b13000 rw-p 00001000 08:02 1966137                    /lib64/librt.so.1
7f6329b13000-7f6329bfa000 r-xp 00000000 08:02 1966096                    /lib64/libm.so.6
7f6329bfa000-7f6329bfb000 r--p 000e6000 08:02 1966096                    /lib64/libm.so.6
7f6329bfb000-7f6329bfd000 rw-p 000e7000 08:02 1966096                    /lib64/libm.so.6
7f6329bfd000-7f6329c00000 rw-p 00000000 00:00 0 
7f6329c00000-7f6329c17000 r-xp 00000000 08:02 5922088                    /usr/java/jdk1.8.0_202-amd64/jre/lib/amd64/jli/libjli.so
7f6329c17000-7f6329e16000 ---p 00017000 08:02 5922088                    /usr/java/jdk1.8.0_202-amd64/jre/lib/amd64/jli/libjli.so
7f6329e16000-7f6329e17000 r--p 00016000 08:02 5922088                    /usr/java/jdk1.8.0_202-amd64/jre/lib/amd64/jli/libjli.so
7f6329e17000-7f6329e18000 rw-p 00017000 08:02 5922088                    /usr/java/jdk1.8.0_202-amd64/jre/lib/amd64/jli/libjli.so
7f6329e18000-7f6329e1a000 rw-p 00000000 00:00 0 
7f6329e1a000-7f6329e1b000 r-xp 00000000 08:02 1966091                    /lib64/libdl.so.2
7f6329e1b000-7f6329e1c000 r--p 00000000 08:02 1966091                    /lib64/libdl.so.2
7f6329e1c000-7f6329e1d000 rw-p 00001000 08:02 1966091                    /lib64/libdl.so.2
7f6329e1d000-7f6329e1e000 r-xp 00000000 08:02 1966094                    /lib64/libpthread.so.0
7f6329e1e000-7f6329e1f000 r--p 00000000 08:02 1966094                    /lib64/libpthread.so.0
7f6329e1f000-7f6329e20000 rw-p 00001000 08:02 1966094                    /lib64/libpthread.so.0
7f6329e20000-7f6329e21000 r--s 00002000 08:03 5393065                    /home/superBits/projetos/coletivoJava/source/erpColetivoJava/SbErpTipoCanalMatrix/target/surefire/surefirebooter-20250423215716193_3.jar
7f6329e21000-7f6329e22000 r--p 00000000 08:02 5540412                    /usr/lib/locale/pt_BR.utf8/LC_NUMERIC
7f6329e22000-7f6329e23000 r--p 00000000 08:02 5538791                    /usr/lib/locale/pt_BR.utf8/LC_TIME
7f6329e23000-7f6329e24000 r--p 00000000 08:02 5538789                    /usr/lib/locale/pt_BR.utf8/LC_MONETARY
7f6329e24000-7f6329e25000 r--p 00000000 08:02 5533906                    /usr/lib/locale/pt_BR.utf8/LC_MESSAGES/SYS_LC_MESSAGES
7f6329e25000-7f6329e26000 r--p 00000000 08:02 5533544                    /usr/lib/locale/pt_BR.utf8/LC_PAPER
7f6329e26000-7f6329e27000 r--p 00000000 08:02 5533568                    /usr/lib/locale/pt_BR.utf8/LC_NAME
7f6329e27000-7f6329e28000 r--p 00000000 08:02 5532628                    /usr/lib/locale/pt_BR.utf8/LC_ADDRESS
7f6329e28000-7f6329e29000 r--p 00000000 08:02 5538790                    /usr/lib/locale/pt_BR.utf8/LC_TELEPHONE
7f6329e29000-7f6329e2a000 r--p 00000000 08:02 5539732                    /usr/lib/locale/pt_BR.utf8/LC_MEASUREMENT
7f6329e2a000-7f6329e31000 r--s 00000000 08:02 5538787                    /usr/lib64/gconv/gconv-modules.cache
7f6329e31000-7f6329e32000 r--p 00000000 08:02 5538788                    /usr/lib/locale/pt_BR.utf8/LC_IDENTIFICATION
7f6329e32000-7f6329e33000 rw-p 00000000 00:00 0 
7f6329e33000-7f6329e34000 ---p 00000000 00:00 0 
7f6329e34000-7f6329e36000 rw-p 00000000 00:00 0 
7f6329e36000-7f6329e69000 r-xp 00000000 08:02 1966082                    /lib64/ld-linux-x86-64.so.2
7f6329e69000-7f6329e6b000 r--p 00032000 08:02 1966082                    /lib64/ld-linux-x86-64.so.2
7f6329e6b000-7f6329e6d000 rw-p 00034000 08:02 1966082                    /lib64/ld-linux-x86-64.so.2
7ffcff9af000-7ffcff9d0000 rw-p 00000000 00:00 0                          [stack]
7ffcff9f0000-7ffcff9f4000 r--p 00000000 00:00 0                          [vvar]
7ffcff9f4000-7ffcff9f6000 r-xp 00000000 00:00 0                          [vdso]
ffffffffff600000-ffffffffff601000 --xp 00000000 00:00 0                  [vsyscall]

VM Arguments:
jvm_args: -agentlib:jdwp=transport=dt_socket,server=n,address=36947 
java_command: /home/superBits/projetos/coletivoJava/source/erpColetivoJava/SbErpTipoCanalMatrix/target/surefire/surefirebooter-20250423215716193_3.jar /home/superBits/projetos/coletivoJava/source/erpColetivoJava/SbErpTipoCanalMatrix/target/surefire 2025-04-23T21-57-16_124-jvmRun1 surefire-20250423215716193_1tmp surefire_0-20250423215716193_2tmp
java_class_path (initial): /home/superBits/projetos/coletivoJava/source/erpColetivoJava/SbErpTipoCanalMatrix/target/surefire/surefirebooter-20250423215716193_3.jar
Launcher Type: SUN_STANDARD

Environment Variables:
JAVA_HOME=/usr/java/jdk1.8.0_202-amd64
JRE_HOME=/usr/java/jdk1.8.0_202-amd64/jre
PATH=/home/salvio/bin:/usr/local/bin:/usr/bin:/bin
SHELL=/bin/bash
DISPLAY=:0
HOSTTYPE=x86_64
OSTYPE=linux
MACHTYPE=x86_64-suse-linux

Signal Handlers:
SIGSEGV: [libjvm.so+0xad3ce0], sa_mask[0]=11111111011111111101111111111110, sa_flags=SA_RESTART|SA_SIGINFO
SIGBUS: [libjvm.so+0xad3ce0], sa_mask[0]=11111111011111111101111111111110, sa_flags=SA_RESTART|SA_SIGINFO
SIGFPE: [libjvm.so+0x90b820], sa_mask[0]=11111111011111111101111111111110, sa_flags=SA_RESTART|SA_SIGINFO
SIGPIPE: [libjvm.so+0x90b820], sa_mask[0]=11111111011111111101111111111110, sa_flags=SA_RESTART|SA_SIGINFO
SIGXFSZ: [libjvm.so+0x90b820], sa_mask[0]=11111111011111111101111111111110, sa_flags=SA_RESTART|SA_SIGINFO
SIGILL: [libjvm.so+0x90b820], sa_mask[0]=11111111011111111101111111111110, sa_flags=SA_RESTART|SA_SIGINFO
SIGUSR1: SIG_DFL, sa_mask[0]=00000000000000000000000000000000, sa_flags=none
SIGUSR2: [libjvm.so+0x90b6f0], sa_mask[0]=00100000000000000000000000000000, sa_flags=SA_RESTART|SA_SIGINFO
SIGHUP: [libjvm.so+0x90bd10], sa_mask[0]=11111111011111111101111111111110, sa_flags=SA_RESTART|SA_SIGINFO
SIGINT: SIG_IGN, sa_mask[0]=00000000000000000000000000000000, sa_flags=none
SIGTERM: [libjvm.so+0x90bd10], sa_mask[0]=11111111011111111101111111111110, sa_flags=SA_RESTART|SA_SIGINFO
SIGQUIT: [libjvm.so+0x90bd10], sa_mask[0]=11111111011111111101111111111110, sa_flags=SA_RESTART|SA_SIGINFO


---------------  S Y S T E M  ---------------

OS:NAME="openSUSE Leap"
VERSION="15.6"
ID="opensuse-leap"
ID_LIKE="suse opensuse"
VERSION_ID="15.6"
PRETTY_NAME="openSUSE Leap 15.6"
ANSI_COLOR="0;32"
CPE_NAME="cpe:/o:opensuse:leap:15.6"
BUG_REPORT_URL="https://bugs.opensuse.org"
HOME_URL="https://www.opensuse.org/"
DOCUMENTATION_URL="https://en.opensuse.org/Portal:Leap"
LOGO="distributor-logo-Leap"

uname:Linux 6.4.0-150600.23.38-default #1 SMP PREEMPT_DYNAMIC Thu Feb  6 08:53:28 UTC 2025 (cb92f8c) x86_64
libc:glibc 2.38 NPTL 2.38 
rlimit: STACK 8192k, CORE infinity, NPROC 63535, NOFILE 524288, AS infinity
load average:2,12 1,51 1,58

/proc/meminfo:
MemTotal:       16300224 kB
MemFree:          235648 kB
MemAvailable:    5690756 kB
Buffers:          555136 kB
Cached:          5720128 kB
SwapCached:          192 kB
Active:          2185872 kB
Inactive:       12589884 kB
Active(anon):       6136 kB
Inactive(anon):  9449692 kB
Active(file):    2179736 kB
Inactive(file):  3140192 kB
Unevictable:      415636 kB
Mlocked:              32 kB
SwapTotal:      16300352 kB
SwapFree:       16296512 kB
Zswap:                 0 kB
Zswapped:              0 kB
Dirty:               612 kB
Writeback:             0 kB
AnonPages:       8740956 kB
Mapped:          1174448 kB
Shmem:            955332 kB
KReclaimable:     470868 kB
Slab:             644212 kB
SReclaimable:     470868 kB
SUnreclaim:       173344 kB
KernelStack:       23888 kB
PageTables:       104284 kB
SecPageTables:         0 kB
NFS_Unstable:          0 kB
Bounce:                0 kB
WritebackTmp:          0 kB
CommitLimit:    24450464 kB
Committed_AS:   33353488 kB
VmallocTotal:   34359738367 kB
VmallocUsed:       53464 kB
VmallocChunk:          0 kB
Percpu:             4000 kB
HardwareCorrupted:     0 kB
AnonHugePages:   4651008 kB
ShmemHugePages:        0 kB
ShmemPmdMapped:        0 kB
FileHugePages:         0 kB
FilePmdMapped:         0 kB
CmaTotal:              0 kB
CmaFree:               0 kB
Unaccepted:            0 kB
HugePages_Total:       0
HugePages_Free:        0
HugePages_Rsvd:        0
HugePages_Surp:        0
Hugepagesize:       2048 kB
Hugetlb:               0 kB
DirectMap4k:      210296 kB
DirectMap2M:    12294144 kB
DirectMap1G:     5242880 kB


CPU:total 8 (initial active 8) (4 cores per cpu, 2 threads per core) family 6 model 60 stepping 3, cmov, cx8, fxsr, mmx, sse, sse2, sse3, ssse3, sse4.1, sse4.2, popcnt, avx, avx2, aes, clmul, erms, lzcnt, ht, tsc, tscinvbit, bmi1, bmi2

/proc/cpuinfo:
processor	: 0
vendor_id	: GenuineIntel
cpu family	: 6
model		: 60
model name	: Intel(R) Core(TM) i7-4790 CPU @ 3.60GHz
stepping	: 3
microcode	: 0x28
cpu MHz		: 3591.479
cache size	: 8192 KB
physical id	: 0
siblings	: 8
core id		: 0
cpu cores	: 4
apicid		: 0
initial apicid	: 0
fpu		: yes
fpu_exception	: yes
cpuid level	: 13
wp		: yes
flags		: fpu vme de pse tsc msr pae mce cx8 apic sep mtrr pge mca cmov pat pse36 clflush dts acpi mmx fxsr sse sse2 ss ht tm pbe syscall nx pdpe1gb rdtscp lm constant_tsc arch_perfmon pebs bts rep_good nopl xtopology nonstop_tsc cpuid aperfmperf pni pclmulqdq dtes64 monitor ds_cpl vmx smx est tm2 ssse3 sdbg fma cx16 xtpr pdcm pcid sse4_1 sse4_2 x2apic movbe popcnt tsc_deadline_timer aes xsave avx f16c rdrand lahf_lm abm cpuid_fault epb pti ssbd ibrs ibpb stibp tpr_shadow flexpriority ept vpid ept_ad fsgsbase tsc_adjust bmi1 avx2 smep bmi2 erms invpcid xsaveopt dtherm arat pln pts vnmi md_clear flush_l1d
vmx flags	: vnmi preemption_timer invvpid ept_x_only ept_ad ept_1gb flexpriority tsc_offset vtpr mtf vapic ept vpid unrestricted_guest ple shadow_vmcs
bugs		: cpu_meltdown spectre_v1 spectre_v2 spec_store_bypass l1tf mds swapgs itlb_multihit srbds mmio_unknown
bogomips	: 7182.96
clflush size	: 64
cache_alignment	: 64
address sizes	: 39 bits physical, 48 bits virtual
power management:

processor	: 1
vendor_id	: GenuineIntel
cpu family	: 6
model		: 60
model name	: Intel(R) Core(TM) i7-4790 CPU @ 3.60GHz
stepping	: 3
microcode	: 0x28
cpu MHz		: 3591.483
cache size	: 8192 KB
physical id	: 0
siblings	: 8
core id		: 1
cpu cores	: 4
apicid		: 2
initial apicid	: 2
fpu		: yes
fpu_exception	: yes
cpuid level	: 13
wp		: yes
flags		: fpu vme de pse tsc msr pae mce cx8 apic sep mtrr pge mca cmov pat pse36 clflush dts acpi mmx fxsr sse sse2 ss ht tm pbe syscall nx pdpe1gb rdtscp lm constant_tsc arch_perfmon pebs bts rep_good nopl xtopology nonstop_tsc cpuid aperfmperf pni pclmulqdq dtes64 monitor ds_cpl vmx smx est tm2 ssse3 sdbg fma cx16 xtpr pdcm pcid sse4_1 sse4_2 x2apic movbe popcnt tsc_deadline_timer aes xsave avx f16c rdrand lahf_lm abm cpuid_fault epb pti ssbd ibrs ibpb stibp tpr_shadow flexpriority ept vpid ept_ad fsgsbase tsc_adjust bmi1 avx2 smep bmi2 erms invpcid xsaveopt dtherm arat pln pts vnmi md_clear flush_l1d
vmx flags	: vnmi preemption_timer invvpid ept_x_only ept_ad ept_1gb flexpriority tsc_offset vtpr mtf vapic ept vpid unrestricted_guest ple shadow_vmcs
bugs		: cpu_meltdown spectre_v1 spectre_v2 spec_store_bypass l1tf mds swapgs itlb_multihit srbds mmio_unknown
bogomips	: 7182.96
clflush size	: 64
cache_alignment	: 64
address sizes	: 39 bits physical, 48 bits virtual
power management:

processor	: 2
vendor_id	: GenuineIntel
cpu family	: 6
model		: 60
model name	: Intel(R) Core(TM) i7-4790 CPU @ 3.60GHz
stepping	: 3
microcode	: 0x28
cpu MHz		: 3591.482
cache size	: 8192 KB
physical id	: 0
siblings	: 8
core id		: 2
cpu cores	: 4
apicid		: 4
initial apicid	: 4
fpu		: yes
fpu_exception	: yes
cpuid level	: 13
wp		: yes
flags		: fpu vme de pse tsc msr pae mce cx8 apic sep mtrr pge mca cmov pat pse36 clflush dts acpi mmx fxsr sse sse2 ss ht tm pbe syscall nx pdpe1gb rdtscp lm constant_tsc arch_perfmon pebs bts rep_good nopl xtopology nonstop_tsc cpuid aperfmperf pni pclmulqdq dtes64 monitor ds_cpl vmx smx est tm2 ssse3 sdbg fma cx16 xtpr pdcm pcid sse4_1 sse4_2 x2apic movbe popcnt tsc_deadline_timer aes xsave avx f16c rdrand lahf_lm abm cpuid_fault epb pti ssbd ibrs ibpb stibp tpr_shadow flexpriority ept vpid ept_ad fsgsbase tsc_adjust bmi1 avx2 smep bmi2 erms invpcid xsaveopt dtherm arat pln pts vnmi md_clear flush_l1d
vmx flags	: vnmi preemption_timer invvpid ept_x_only ept_ad ept_1gb flexpriority tsc_offset vtpr mtf vapic ept vpid unrestricted_guest ple shadow_vmcs
bugs		: cpu_meltdown spectre_v1 spectre_v2 spec_store_bypass l1tf mds swapgs itlb_multihit srbds mmio_unknown
bogomips	: 7182.96
clflush size	: 64
cache_alignment	: 64
address sizes	: 39 bits physical, 48 bits virtual
power management:

processor	: 3
vendor_id	: GenuineIntel
cpu family	: 6
model		: 60
model name	: Intel(R) Core(TM) i7-4790 CPU @ 3.60GHz
stepping	: 3
microcode	: 0x28
cpu MHz		: 3591.481
cache size	: 8192 KB
physical id	: 0
siblings	: 8
core id		: 3
cpu cores	: 4
apicid		: 6
initial apicid	: 6
fpu		: yes
fpu_exception	: yes
cpuid level	: 13
wp		: yes
flags		: fpu vme de pse tsc msr pae mce cx8 apic sep mtrr pge mca cmov pat pse36 clflush dts acpi mmx fxsr sse sse2 ss ht tm pbe syscall nx pdpe1gb rdtscp lm constant_tsc arch_perfmon pebs bts rep_good nopl xtopology nonstop_tsc cpuid aperfmperf pni pclmulqdq dtes64 monitor ds_cpl vmx smx est tm2 ssse3 sdbg fma cx16 xtpr pdcm pcid sse4_1 sse4_2 x2apic movbe popcnt tsc_deadline_timer aes xsave avx f16c rdrand lahf_lm abm cpuid_fault epb pti ssbd ibrs ibpb stibp tpr_shadow flexpriority ept vpid ept_ad fsgsbase tsc_adjust bmi1 avx2 smep bmi2 erms invpcid xsaveopt dtherm arat pln pts vnmi md_clear flush_l1d
vmx flags	: vnmi preemption_timer invvpid ept_x_only ept_ad ept_1gb flexpriority tsc_offset vtpr mtf vapic ept vpid unrestricted_guest ple shadow_vmcs
bugs		: cpu_meltdown spectre_v1 spectre_v2 spec_store_bypass l1tf mds swapgs itlb_multihit srbds mmio_unknown
bogomips	: 7182.96
clflush size	: 64
cache_alignment	: 64
address sizes	: 39 bits physical, 48 bits virtual
power management:

processor	: 4
vendor_id	: GenuineIntel
cpu family	: 6
model		: 60
model name	: Intel(R) Core(TM) i7-4790 CPU @ 3.60GHz
stepping	: 3
microcode	: 0x28
cpu MHz		: 3591.480
cache size	: 8192 KB
physical id	: 0
siblings	: 8
core id		: 0
cpu cores	: 4
apicid		: 1
initial apicid	: 1
fpu		: yes
fpu_exception	: yes
cpuid level	: 13
wp		: yes
flags		: fpu vme de pse tsc msr pae mce cx8 apic sep mtrr pge mca cmov pat pse36 clflush dts acpi mmx fxsr sse sse2 ss ht tm pbe syscall nx pdpe1gb rdtscp lm constant_tsc arch_perfmon pebs bts rep_good nopl xtopology nonstop_tsc cpuid aperfmperf pni pclmulqdq dtes64 monitor ds_cpl vmx smx est tm2 ssse3 sdbg fma cx16 xtpr pdcm pcid sse4_1 sse4_2 x2apic movbe popcnt tsc_deadline_timer aes xsave avx f16c rdrand lahf_lm abm cpuid_fault epb pti ssbd ibrs ibpb stibp tpr_shadow flexpriority ept vpid ept_ad fsgsbase tsc_adjust bmi1 avx2 smep bmi2 erms invpcid xsaveopt dtherm arat pln pts vnmi md_clear flush_l1d
vmx flags	: vnmi preemption_timer invvpid ept_x_only ept_ad ept_1gb flexpriority tsc_offset vtpr mtf vapic ept vpid unrestricted_guest ple shadow_vmcs
bugs		: cpu_meltdown spectre_v1 spectre_v2 spec_store_bypass l1tf mds swapgs itlb_multihit srbds mmio_unknown
bogomips	: 7182.96
clflush size	: 64
cache_alignment	: 64
address sizes	: 39 bits physical, 48 bits virtual
power management:

processor	: 5
vendor_id	: GenuineIntel
cpu family	: 6
model		: 60
model name	: Intel(R) Core(TM) i7-4790 CPU @ 3.60GHz
stepping	: 3
microcode	: 0x28
cpu MHz		: 3591.482
cache size	: 8192 KB
physical id	: 0
siblings	: 8
core id		: 1
cpu cores	: 4
apicid		: 3
initial apicid	: 3
fpu		: yes
fpu_exception	: yes
cpuid level	: 13
wp		: yes
flags		: fpu vme de pse tsc msr pae mce cx8 apic sep mtrr pge mca cmov pat pse36 clflush dts acpi mmx fxsr sse sse2 ss ht tm pbe syscall nx pdpe1gb rdtscp lm constant_tsc arch_perfmon pebs bts rep_good nopl xtopology nonstop_tsc cpuid aperfmperf pni pclmulqdq dtes64 monitor ds_cpl vmx smx est tm2 ssse3 sdbg fma cx16 xtpr pdcm pcid sse4_1 sse4_2 x2apic movbe popcnt tsc_deadline_timer aes xsave avx f16c rdrand lahf_lm abm cpuid_fault epb pti ssbd ibrs ibpb stibp tpr_shadow flexpriority ept vpid ept_ad fsgsbase tsc_adjust bmi1 avx2 smep bmi2 erms invpcid xsaveopt dtherm arat pln pts vnmi md_clear flush_l1d
vmx flags	: vnmi preemption_timer invvpid ept_x_only ept_ad ept_1gb flexpriority tsc_offset vtpr mtf vapic ept vpid unrestricted_guest ple shadow_vmcs
bugs		: cpu_meltdown spectre_v1 spectre_v2 spec_store_bypass l1tf mds swapgs itlb_multihit srbds mmio_unknown
bogomips	: 7182.96
clflush size	: 64
cache_alignment	: 64
address sizes	: 39 bits physical, 48 bits virtual
power management:

processor	: 6
vendor_id	: GenuineIntel
cpu family	: 6
model		: 60
model name	: Intel(R) Core(TM) i7-4790 CPU @ 3.60GHz
stepping	: 3
microcode	: 0x28
cpu MHz		: 3591.482
cache size	: 8192 KB
physical id	: 0
siblings	: 8
core id		: 2
cpu cores	: 4
apicid		: 5
initial apicid	: 5
fpu		: yes
fpu_exception	: yes
cpuid level	: 13
wp		: yes
flags		: fpu vme de pse tsc msr pae mce cx8 apic sep mtrr pge mca cmov pat pse36 clflush dts acpi mmx fxsr sse sse2 ss ht tm pbe syscall nx pdpe1gb rdtscp lm constant_tsc arch_perfmon pebs bts rep_good nopl xtopology nonstop_tsc cpuid aperfmperf pni pclmulqdq dtes64 monitor ds_cpl vmx smx est tm2 ssse3 sdbg fma cx16 xtpr pdcm pcid sse4_1 sse4_2 x2apic movbe popcnt tsc_deadline_timer aes xsave avx f16c rdrand lahf_lm abm cpuid_fault epb pti ssbd ibrs ibpb stibp tpr_shadow flexpriority ept vpid ept_ad fsgsbase tsc_adjust bmi1 avx2 smep bmi2 erms invpcid xsaveopt dtherm arat pln pts vnmi md_clear flush_l1d
vmx flags	: vnmi preemption_timer invvpid ept_x_only ept_ad ept_1gb flexpriority tsc_offset vtpr mtf vapic ept vpid unrestricted_guest ple shadow_vmcs
bugs		: cpu_meltdown spectre_v1 spectre_v2 spec_store_bypass l1tf mds swapgs itlb_multihit srbds mmio_unknown
bogomips	: 7182.96
clflush size	: 64
cache_alignment	: 64
address sizes	: 39 bits physical, 48 bits virtual
power management:

processor	: 7
vendor_id	: GenuineIntel
cpu family	: 6
model		: 60
model name	: Intel(R) Core(TM) i7-4790 CPU @ 3.60GHz
stepping	: 3
microcode	: 0x28
cpu MHz		: 3591.490
cache size	: 8192 KB
physical id	: 0
siblings	: 8
core id		: 3
cpu cores	: 4
apicid		: 7
initial apicid	: 7
fpu		: yes
fpu_exception	: yes
cpuid level	: 13
wp		: yes
flags		: fpu vme de pse tsc msr pae mce cx8 apic sep mtrr pge mca cmov pat pse36 clflush dts acpi mmx fxsr sse sse2 ss ht tm pbe syscall nx pdpe1gb rdtscp lm constant_tsc arch_perfmon pebs bts rep_good nopl xtopology nonstop_tsc cpuid aperfmperf pni pclmulqdq dtes64 monitor ds_cpl vmx smx est tm2 ssse3 sdbg fma cx16 xtpr pdcm pcid sse4_1 sse4_2 x2apic movbe popcnt tsc_deadline_timer aes xsave avx f16c rdrand lahf_lm abm cpuid_fault epb pti ssbd ibrs ibpb stibp tpr_shadow flexpriority ept vpid ept_ad fsgsbase tsc_adjust bmi1 avx2 smep bmi2 erms invpcid xsaveopt dtherm arat pln pts vnmi md_clear flush_l1d
vmx flags	: vnmi preemption_timer invvpid ept_x_only ept_ad ept_1gb flexpriority tsc_offset vtpr mtf vapic ept vpid unrestricted_guest ple shadow_vmcs
bugs		: cpu_meltdown spectre_v1 spectre_v2 spec_store_bypass l1tf mds swapgs itlb_multihit srbds mmio_unknown
bogomips	: 7182.96
clflush size	: 64
cache_alignment	: 64
address sizes	: 39 bits physical, 48 bits virtual
power management:



Memory: 4k page, physical 16300224k(235648k free), swap 16300352k(16296512k free)

vm_info: Java HotSpot(TM) 64-Bit Server VM (25.202-b08) for linux-amd64 JRE (1.8.0_202-b08), built on Dec 15 2018 12:40:22 by "java_re" with gcc 7.3.0

time: Wed Apr 23 21:57:17 2025
timezone: -03
elapsed time: 1 seconds (0d 0h 0m 1s)

